<?xml version="1.0" encoding="UTF-8"?>
<!-- Generated by org.testng.reporters.JUnitReportReporter -->
<testsuite name="com.web_flipkart.steps.FlipkartItemOrderSteps" tests="1" time="26.842" ignored="0" failures="0" timestamp="24 Jan 2018 04:56:26 GMT" skipped="0" hostname="ICPL12225" errors="0">
  <testcase name="testItemOrderSteps" time="26.842" classname="com.web_flipkart.steps.FlipkartItemOrderSteps"/>
</testsuite> <!-- com.web_flipkart.steps.FlipkartItemOrderSteps -->
