<?xml version="1.0" encoding="UTF-8"?>
<!-- Generated by org.testng.reporters.JUnitReportReporter -->
<testsuite name="com.web_flipkart.steps.FlipkartItemOrderSteps" tests="1" time="35.843" ignored="0" failures="0" timestamp="08 Jan 2018 05:08:41 GMT" skipped="0" hostname="ICPL12225" errors="1">
  <testcase name="testItemOrderSteps" time="35.843" classname="com.web_flipkart.steps.FlipkartItemOrderSteps">
    <error/>
  </testcase> <!-- testItemOrderSteps -->
</testsuite> <!-- com.web_flipkart.steps.FlipkartItemOrderSteps -->
